<?xml version="1.0" encoding="UTF-8"?>
<testsuite name="com.bridgelabz.IndianStateCensusAnalyserTest2" tests="1" skipped="0" failures="0" errors="0" timestamp="2021-06-17T06:38:49" hostname="DELL" time="0.009">
  <properties/>
  <testcase name="given_Wrong_Census_CSV_File_Should_Return_Exception" classname="com.bridgelabz.IndianStateCensusAnalyserTest2" time="0.009"/>
  <system-out><![CDATA[]]></system-out>
  <system-err><![CDATA[]]></system-err>
</testsuite>
